appname = "trxsync"

[Sync]
name = "trx"
enablesync = false
multiscantasknum = 4
multiscannum = 16
initheight = 21370270
enablerollback = false
rollheight = 10000
confirmations = 12
delayheight = 6
sleeptime = 1

[nodes.trx]
#url = "47.252.19.181:50051"
url = "54.168.218.95:50051"
rpc_key = ""
rpc_secret = ""

[databases.user]
name= "addrmanagement"
type= "mysql"
url = "rm-wz97y5e9e7bs85y7gbo.mysql.rds.aliyuncs.com"
user= "dataserver"
password= "3vn8QoHNkZzZzRDj2dWM"
mode= "release"

[databases.sync]
name= "hecosync"
type= "mysql"
url= "rm-wz97y5e9e7bs85y7gbo.mysql.rds.aliyuncs.com"
user= "dataserver"
password= "3vn8QoHNkZzZzRDj2dWM"
mode= "release"

[server]
runmode = "debug"
ip="0.0.0.0"
port="18080"
read_timeout= 60
write_timeout= 60

[agent]
enable = false
enablepush = true
url = "http://127.0.0.1:8090/agent/index"
user = "test"
password = "test"

[log]
formatter= "text"
release= 0.1
mode= "dev"
level= "trace"
log_path= "tmp"
log_name= "debug.log"
max_age= 24
rotation_time= 24

[mq]
hostport = "b-30ba08b2-dbea-4e1a-a282-b4569cb9896f.mq.ap-northeast-1.amazonaws.com:5671"
username = "blockchain_coin-MQ"
password  = "draXv3HB4dKqmDjANU"


[push]
enable = true
type = "rabbitmq" #rabbitmq/http
agent = false
url = "http://127.0.0.1:8090/agent/index"
user = "agentuser"
password = "agentpass"
